<?xml version="1.0" encoding="UTF-8"?>
<testng-results skipped="0" failed="0" ignored="0" total="1" passed="1">
  <reporter-output>
  </reporter-output>
  <suite name="Suite" duration-ms="84074" started-at="2021-10-05T22:20:33Z" finished-at="2021-10-05T22:21:57Z">
    <groups>
    </groups>
    <test name="Test" duration-ms="84074" started-at="2021-10-05T22:20:33Z" finished-at="2021-10-05T22:21:57Z">
      <class name="com.org.ClassA">
        <test-method status="PASS" signature="tc1(java.lang.String, java.lang.String, java.lang.String, java.lang.String, java.lang.String, int, java.lang.String, java.lang.String, int, int, java.lang.String, java.lang.String, java.lang.String, java.lang.String, java.lang.String, java.lang.String, java.lang.String, java.lang.String)[pri:0, instance:com.org.ClassA@28d25987]" name="tc1" duration-ms="83604" started-at="2021-10-06T03:50:33Z" finished-at="2021-10-06T03:51:57Z">
          <params>
            <param index="0">
              <value>
                <![CDATA[kaushiks24]]>
              </value>
            </param>
            <param index="1">
              <value>
                <![CDATA[Kaushiks24]]>
              </value>
            </param>
            <param index="2">
              <value>
                <![CDATA[Melbourne]]>
              </value>
            </param>
            <param index="3">
              <value>
                <![CDATA[Hotel Sunshine]]>
              </value>
            </param>
            <param index="4">
              <value>
                <![CDATA[Double]]>
              </value>
            </param>
            <param index="5">
              <value>
                <![CDATA[2]]>
              </value>
            </param>
            <param index="6">
              <value>
                <![CDATA[04/12/2021]]>
              </value>
            </param>
            <param index="7">
              <value>
                <![CDATA[04/15/2021]]>
              </value>
            </param>
            <param index="8">
              <value>
                <![CDATA[3]]>
              </value>
            </param>
            <param index="9">
              <value>
                <![CDATA[2]]>
              </value>
            </param>
            <param index="10">
              <value>
                <![CDATA[kaushik]]>
              </value>
            </param>
            <param index="11">
              <value>
                <![CDATA[s]]>
              </value>
            </param>
            <param index="12">
              <value>
                <![CDATA[perambur,chennai]]>
              </value>
            </param>
            <param index="13">
              <value>
                <![CDATA[9874563217894561]]>
              </value>
            </param>
            <param index="14">
              <value>
                <![CDATA[VISA]]>
              </value>
            </param>
            <param index="15">
              <value>
                <![CDATA[3]]>
              </value>
            </param>
            <param index="16">
              <value>
                <![CDATA[2022]]>
              </value>
            </param>
            <param index="17">
              <value>
                <![CDATA[1234]]>
              </value>
            </param>
          </params>
          <reporter-output>
          </reporter-output>
        </test-method> <!-- tc1 -->
      </class> <!-- com.org.ClassA -->
    </test> <!-- Test -->
  </suite> <!-- Suite -->
</testng-results>
